Arguments: 
  /Users/yashablack/.nvm/versions/node/v19.7.0/bin/node /opt/homebrew/Cellar/yarn/1.22.11/libexec/bin/yarn.js init

PATH: 
  /Users/yashablack/.cargo/bin:/Users/yashablack/.cabal/bin:/Users/yashablack/.ghcup/bin:/Users/yashablack/.nvm/versions/node/v19.7.0/bin:/opt/homebrew/bin:/Library/Frameworks/Python.framework/Versions/3.10/bin:/usr/local/bin:/System/Cryptexes/App/usr/bin:/usr/bin:/bin:/usr/sbin:/sbin:/usr/local/MacGPG2/bin:/Library/Apple/usr/bin:/Users/yashablack/.cargo/bin

Yarn version: 
  1.22.11

Node version: 
  19.7.0

Platform: 
  darwin arm64

Trace: 
  Error: canceled
      at Interface.<anonymous> (/opt/homebrew/Cellar/yarn/1.22.11/libexec/lib/cli.js:137023:13)
      at Interface.emit (node:events:512:28)
      at [_ttyWrite] [as _ttyWrite] (node:internal/readline/interface:1132:18)
      at ReadStream.onkeypress (node:internal/readline/interface:271:20)
      at ReadStream.emit (node:events:512:28)
      at emitKeys (node:internal/readline/utils:357:14)
      at emitKeys.next (<anonymous>)
      at ReadStream.onData (node:internal/readline/emitKeypressEvents:64:36)
      at ReadStream.emit (node:events:512:28)
      at addChunk (node:internal/streams/readable:324:12)

npm manifest: 
  No manifest

yarn manifest: 
  No manifest

Lockfile: 
  No lockfile
